00:03:12 **** Incremental Build of configuration Nios II for project Lab2 ****
make all 
Info: Building ../Lab2_bsp/
D:/intelFPGA_lite/18.1/nios2eds/bin/gnu/H-x86_64-mingw32/bin/make --no-print-directory -C ../Lab2_bsp/
[BSP build complete]
[RUN_ON_HDL_SIMULATOR_ONLY_Lab2 build complete]
00:06:55 **** Build of configuration Nios II for project Lab2 ****
make all 
Info: Building ../Lab2_bsp/
D:/intelFPGA_lite/18.1/nios2eds/bin/gnu/H-x86_64-mingw32/bin/make --no-print-directory -C ../Lab2_bsp/
[BSP build complete]
[RUN_ON_HDL_SIMULATOR_ONLY_Lab2 build complete]
00:06:59 **** Incremental Build of configuration Nios II for project Lab2 ****
make all 
Info: Building ../Lab2_bsp/
D:/intelFPGA_lite/18.1/nios2eds/bin/gnu/H-x86_64-mingw32/bin/make --no-print-directory -C ../Lab2_bsp/
[BSP build complete]
[RUN_ON_HDL_SIMULATOR_ONLY_Lab2 build complete]
00:17:06 **** Incremental Build of configuration Nios II for project Lab2 ****
make all 
Info: Building ../Lab2_bsp/
D:/intelFPGA_lite/18.1/nios2eds/bin/gnu/H-x86_64-mingw32/bin/make --no-print-directory -C ../Lab2_bsp/
[BSP build complete]
[RUN_ON_HDL_SIMULATOR_ONLY_Lab2 build complete]
01:13:37 **** Incremental Build of configuration Nios II for project Lab2 ****
make all 
Info: Building ../Lab2_bsp/
D:/intelFPGA_lite/18.1/nios2eds/bin/gnu/H-x86_64-mingw32/bin/make --no-print-directory -C ../Lab2_bsp/
[BSP build complete]
[RUN_ON_HDL_SIMULATOR_ONLY_Lab2 build complete]
01:17:35 **** Incremental Build of configuration Nios II for project Lab2 ****
make all 
Info: Building ../Lab2_bsp/
D:/intelFPGA_lite/18.1/nios2eds/bin/gnu/H-x86_64-mingw32/bin/make --no-print-directory -C ../Lab2_bsp/
[BSP build complete]
[RUN_ON_HDL_SIMULATOR_ONLY_Lab2 build complete]
13:36:55 **** Incremental Build of configuration Nios II for project Lab2 ****
make all 
Info: Building ../Lab2_bsp/
D:/intelFPGA_lite/18.1/nios2eds/bin/gnu/H-x86_64-mingw32/bin/make --no-print-directory -C ../Lab2_bsp/
[BSP build complete]
[RUN_ON_HDL_SIMULATOR_ONLY_Lab2 build complete]
18:44:46 **** Incremental Build of configuration Nios II for project Lab2 ****
make all 
Info: Building ../Lab2_bsp/
D:/intelFPGA_lite/18.1/nios2eds/bin/gnu/H-x86_64-mingw32/bin/make --no-print-directory -C ../Lab2_bsp/
[BSP build complete]
[RUN_ON_HDL_SIMULATOR_ONLY_Lab2 build complete]
